[16:54:09] [Server thread/INFO]: Starting minecraft server version 1.11.2
[16:54:09] [Server thread/INFO]: Loading properties
[16:54:09] [Server thread/INFO]: Default game type: SURVIVAL
[16:54:09] [Server thread/INFO]: Generating keypair
[16:54:09] [Server thread/INFO]: Starting Minecraft server on *:25565
[16:54:09] [Server thread/INFO]: Using default channel type
[16:54:09] [Server thread/INFO]: Preparing level "world"
[16:54:09] [Server thread/INFO]: Preparing start region for level 0
[16:54:10] [Server thread/INFO]: Preparing spawn area: 57%
[16:54:11] [Server thread/INFO]: Done (1.354s)! For help, type "help" or "?"
[16:54:16] [Server thread/INFO]: [Server] mummeh
[17:00:33] [User Authenticator #1/INFO]: UUID of player DarkBreloom is 25f37201-e468-4f89-95b2-dc6794a288dc
[17:00:33] [Server thread/INFO]: DarkBreloom[/80.193.33.18:58443] logged in with entity id 53 at (-1486.699999988079, 78.0, 331.69999998807907)
[17:00:33] [Server thread/INFO]: DarkBreloom joined the game
[17:02:30] [Server thread/WARN]: DarkBreloom moved too quickly! -1307.5051087746374,18.0,293.83349344657813
[17:07:46] [User Authenticator #2/INFO]: UUID of player Kerslice is fab6080f-519f-41d0-996a-4dcdfc7baec2
[17:07:46] [Server thread/INFO]: Disconnecting com.mojang.authlib.GameProfile@251cafb5[id=fab6080f-519f-41d0-996a-4dcdfc7baec2,name=Kerslice,properties={textures=[com.mojang.authlib.properties.Property@7e723b32]},legacy=false] (/82.28.157.188:53669): You are not white-listed on this server!
[17:07:46] [Server thread/INFO]: com.mojang.authlib.GameProfile@251cafb5[id=fab6080f-519f-41d0-996a-4dcdfc7baec2,name=Kerslice,properties={textures=[com.mojang.authlib.properties.Property@7e723b32]},legacy=false] (/82.28.157.188:53669) lost connection: You are not white-listed on this server!
[17:08:04] [Server thread/INFO]: Added kerslice to the whitelist
[17:08:04] [User Authenticator #3/INFO]: UUID of player Kerslice is fab6080f-519f-41d0-996a-4dcdfc7baec2
[17:08:04] [Server thread/INFO]: Kerslice[/82.28.157.188:53680] logged in with entity id 3947 at (-1539.330010982747, 72.5, 311.3064641132951)
[17:08:04] [Server thread/INFO]: Kerslice joined the game
[17:10:54] [Server thread/INFO]: Stopping the server
[17:10:54] [Server thread/INFO]: Stopping server
[17:10:54] [Server thread/INFO]: Saving players
[17:10:54] [Server thread/INFO]: DarkBreloom lost connection: TranslatableComponent{key='disconnect.genericReason', args=[Internal Exception: java.lang.StackOverflowError], siblings=[], style=Style{hasParent=false, color=null, bold=null, italic=null, underlined=null, obfuscated=null, clickEvent=null, hoverEvent=null, insertion=null}}
[17:10:54] [Server thread/INFO]: DarkBreloom left the game
[17:10:54] [Server thread/INFO]: Saving worlds
[17:10:54] [Server thread/INFO]: Saving chunks for level 'world'/Overworld
[17:10:54] [Server thread/INFO]: Saving chunks for level 'world'/Nether
[17:10:54] [Server thread/INFO]: Saving chunks for level 'world'/The End
[17:10:55] [Server Shutdown Thread/INFO]: Stopping server
